%!Adobe-FontList 1.24
%Locale:0x407

%BeginFont
Handler:DirectoryHandler
FontType:TrueType
FontName:Calibri
FamilyName:Calibri
StyleName:Regular
FullName:Calibri
MenuName:Calibri
StyleBits:0
WritingScript:Roman
OutlineFileName:C:\Users\malte\Dropbox\Semester_2\Gestaltung\GEstaltung Aufgaben\002_Form-Uebung_Linie_Arbeitsblatt_SoSe_2024 Ordner\Document fonts\calibri.ttf
DataFormat:sfntData
hasSVG:no
hasCOLR:no
VariableFontType:NonVariableFont
FileLength:1648120
FileModTime:1715776099
WeightClass:400
WidthClass:5
AngleClass:0
NameArray:0,Mac,4,Calibri
NameArray:0,Win,1,Calibri
%EndFont

%BeginFont
Handler:DirectoryHandler
FontType:TrueType
FontName:Calibri-Bold
FamilyName:Calibri
StyleName:Bold
FullName:Calibri Bold
MenuName:Calibri
StyleBits:2
WritingScript:Roman
OutlineFileName:C:\Users\malte\Dropbox\Semester_2\Gestaltung\GEstaltung Aufgaben\002_Form-Uebung_Linie_Arbeitsblatt_SoSe_2024 Ordner\Document fonts\calibrib.ttf
DataFormat:sfntData
hasSVG:no
hasCOLR:no
VariableFontType:NonVariableFont
FileLength:1613668
FileModTime:1715776100
WeightClass:700
WidthClass:5
AngleClass:0
NameArray:0,Mac,4,Calibri Bold
NameArray:0,Win,1,Calibri
%EndFont

%BeginFont
Handler:DirectoryHandler
FontType:TrueType
FontName:Calibri-Italic
FamilyName:Calibri
StyleName:Italic
FullName:Calibri Italic
MenuName:Calibri
StyleBits:1
WritingScript:Roman
OutlineFileName:C:\Users\malte\Dropbox\Semester_2\Gestaltung\GEstaltung Aufgaben\002_Form-Uebung_Linie_Arbeitsblatt_SoSe_2024 Ordner\Document fonts\calibrii.ttf
DataFormat:sfntData
hasSVG:no
hasCOLR:no
VariableFontType:NonVariableFont
FileLength:1196672
FileModTime:1715776100
WeightClass:400
WidthClass:5
AngleClass:1
NameArray:0,Mac,4,Calibri Italic
NameArray:0,Win,1,Calibri
%EndFont

%BeginFont
Handler:DirectoryHandler
FontType:TrueType
FontName:Calibri-Light
FamilyName:Calibri
StyleName:Light
FullName:Calibri Light
MenuName:Calibri Light
StyleBits:0
WritingScript:Roman
OutlineFileName:C:\Users\malte\Dropbox\Semester_2\Gestaltung\GEstaltung Aufgaben\002_Form-Uebung_Linie_Arbeitsblatt_SoSe_2024 Ordner\Document fonts\calibril.ttf
DataFormat:sfntData
hasSVG:no
hasCOLR:no
VariableFontType:NonVariableFont
FileLength:1438808
FileModTime:1715776100
WeightClass:300
WidthClass:5
AngleClass:0
NameArray:0,Mac,18,Calibri Light
NameArray:0,Mac,4,Calibri Light
NameArray:0,Win,1,Calibri Light
NameArray:0,Win,16,Calibri
%EndFont

%BeginFont
Handler:DirectoryHandler
FontType:TrueType
FontName:Calibri-LightItalic
FamilyName:Calibri
StyleName:Light Italic
FullName:Calibri Light Italic
MenuName:Calibri Light
StyleBits:1
WritingScript:Roman
OutlineFileName:C:\Users\malte\Dropbox\Semester_2\Gestaltung\GEstaltung Aufgaben\002_Form-Uebung_Linie_Arbeitsblatt_SoSe_2024 Ordner\Document fonts\calibrili.ttf
DataFormat:sfntData
hasSVG:no
hasCOLR:no
VariableFontType:NonVariableFont
FileLength:1061248
FileModTime:1715776100
WeightClass:300
WidthClass:5
AngleClass:1
NameArray:0,Mac,18,Calibri Light Italic
NameArray:0,Mac,4,Calibri Light Italic
NameArray:0,Win,1,Calibri Light
NameArray:0,Win,16,Calibri
%EndFont

%BeginFont
Handler:DirectoryHandler
FontType:TrueType
FontName:Calibri-BoldItalic
FamilyName:Calibri
StyleName:Bold Italic
FullName:Calibri Bold Italic
MenuName:Calibri
StyleBits:3
WritingScript:Roman
OutlineFileName:C:\Users\malte\Dropbox\Semester_2\Gestaltung\GEstaltung Aufgaben\002_Form-Uebung_Linie_Arbeitsblatt_SoSe_2024 Ordner\Document fonts\calibriz.ttf
DataFormat:sfntData
hasSVG:no
hasCOLR:no
VariableFontType:NonVariableFont
FileLength:1159032
FileModTime:1715776100
WeightClass:700
WidthClass:5
AngleClass:1
NameArray:0,Mac,4,Calibri Bold Italic
NameArray:0,Win,1,Calibri
%EndFont

%BeginFont
Handler:DirectoryHandler
FontType:TrueType
FontName:Verdana-Bold
FamilyName:Verdana
StyleName:Bold
FullName:Verdana Bold
MenuName:Verdana
StyleBits:2
WritingScript:Roman
OutlineFileName:C:\Users\malte\Dropbox\Semester_2\Gestaltung\GEstaltung Aufgaben\002_Form-Uebung_Linie_Arbeitsblatt_SoSe_2024 Ordner\Document fonts\verdanab.ttf
DataFormat:sfntData
hasSVG:no
hasCOLR:no
VariableFontType:NonVariableFont
FileLength:211260
FileModTime:1715776100
WeightClass:700
WidthClass:5
AngleClass:0
NameArray:0,Mac,4,Verdana Bold
NameArray:0,Win,1,Verdana
%EndFont

%BeginFont
Handler:DirectoryHandler
FontType:TrueType
FontName:Webdings
FamilyName:Webdings
StyleName:Regular
FullName:Webdings
MenuName:Webdings
StyleBits:0
WritingScript:Roman
OutlineFileName:C:\Users\malte\Dropbox\Semester_2\Gestaltung\GEstaltung Aufgaben\002_Form-Uebung_Linie_Arbeitsblatt_SoSe_2024 Ordner\Document fonts\webdings.ttf
DataFormat:sfntData
hasSVG:no
hasCOLR:no
VariableFontType:NonVariableFont
FileLength:120560
FileModTime:1715776100
WeightClass:400
WidthClass:5
AngleClass:0
NameArray:0,Mac,4,Webdings
NameArray:0,Win,1,Webdings
%EndFont

%BeginFont
Handler:DirectoryHandler
FontType:TrueType
FontName:Wingdings-Regular
FamilyName:Wingdings
StyleName:Regular
FullName:Wingdings
MenuName:Wingdings
StyleBits:0
WritingScript:Roman
OutlineFileName:C:\Users\malte\Dropbox\Semester_2\Gestaltung\GEstaltung Aufgaben\002_Form-Uebung_Linie_Arbeitsblatt_SoSe_2024 Ordner\Document fonts\wingding.ttf
DataFormat:sfntData
hasSVG:no
hasCOLR:no
VariableFontType:NonVariableFont
FileLength:82180
FileModTime:1715776100
WeightClass:400
WidthClass:5
AngleClass:0
NameArray:0,Mac,4,Wingdings
NameArray:0,Win,1,Wingdings
%EndFont

