%!Adobe-FontList 1.25
%Locale:0x407

%BeginFont
Handler:DirectoryHandler
FontType:TrueType
FontName:Poppins-Bold
FamilyName:Poppins
StyleName:Bold
FullName:Poppins Bold
MenuName:Poppins
StyleBits:2
WritingScript:Roman
OutlineFileName:C:\Users\a\Desktop\Github\Studium\Semester_6\Get_It\Layout\Layout v3\getit2026_Deuser_Deetox_202606292 Ordner\Document fonts\Poppins-Bold.ttf
DataFormat:sfntData
hasSVG:no
hasCOLR:no
VariableFontType:NonVariableFont
FileLength:153944
FileModTime:1775130891
WeightClass:700
WidthClass:5
AngleClass:0
NameArray:0,Win,1,Poppins
%EndFont

%BeginFont
Handler:DirectoryHandler
FontType:TrueType
FontName:Poppins-BoldItalic
FamilyName:Poppins
StyleName:Bold Italic
FullName:Poppins Bold Italic
MenuName:Poppins
StyleBits:3
WritingScript:Roman
OutlineFileName:C:\Users\a\Desktop\Github\Studium\Semester_6\Get_It\Layout\Layout v3\getit2026_Deuser_Deetox_202606292 Ordner\Document fonts\Poppins-BoldItalic.ttf
DataFormat:sfntData
hasSVG:no
hasCOLR:no
VariableFontType:NonVariableFont
FileLength:176588
FileModTime:1775130891
WeightClass:700
WidthClass:5
AngleClass:1
NameArray:0,Win,1,Poppins
%EndFont

%BeginFont
Handler:DirectoryHandler
FontType:TrueType
FontName:Poppins-Italic
FamilyName:Poppins
StyleName:Italic
FullName:Poppins Italic
MenuName:Poppins
StyleBits:1
WritingScript:Roman
OutlineFileName:C:\Users\a\Desktop\Github\Studium\Semester_6\Get_It\Layout\Layout v3\getit2026_Deuser_Deetox_202606292 Ordner\Document fonts\Poppins-Italic.ttf
DataFormat:sfntData
hasSVG:no
hasCOLR:no
VariableFontType:NonVariableFont
FileLength:182012
FileModTime:1775130892
WeightClass:400
WidthClass:5
AngleClass:1
NameArray:0,Win,1,Poppins
%EndFont

%BeginFont
Handler:DirectoryHandler
FontType:TrueType
FontName:Poppins-Regular
FamilyName:Poppins
StyleName:Regular
FullName:Poppins Regular
MenuName:Poppins
StyleBits:0
WritingScript:Roman
OutlineFileName:C:\Users\a\Desktop\Github\Studium\Semester_6\Get_It\Layout\Layout v3\getit2026_Deuser_Deetox_202606292 Ordner\Document fonts\Poppins-Regular.ttf
DataFormat:sfntData
hasSVG:no
hasCOLR:no
VariableFontType:NonVariableFont
FileLength:158240
FileModTime:1775130892
WeightClass:400
WidthClass:5
AngleClass:0
NameArray:0,Win,1,Poppins
%EndFont

%BeginFont
Handler:DirectoryHandler
FontType:TrueType
FontName:Poppins-SemiBold
FamilyName:Poppins
StyleName:SemiBold
FullName:Poppins SemiBold
MenuName:Poppins SemiBold
StyleBits:0
WritingScript:Roman
OutlineFileName:C:\Users\a\Desktop\Github\Studium\Semester_6\Get_It\Layout\Layout v3\getit2026_Deuser_Deetox_202606292 Ordner\Document fonts\Poppins-SemiBold.ttf
DataFormat:sfntData
hasSVG:no
hasCOLR:no
VariableFontType:NonVariableFont
FileLength:155232
FileModTime:1775130892
WeightClass:600
WidthClass:5
AngleClass:0
NameArray:0,Win,1,Poppins SemiBold
NameArray:0,Win,16,Poppins
%EndFont

%BeginFont
Handler:DirectoryHandler
FontType:TrueType
FontName:ArialMT
FamilyName:Arial
StyleName:Regular
FullName:Arial
MenuName:Arial
StyleBits:0
WritingScript:Roman
OutlineFileName:C:\Users\a\Desktop\Github\Studium\Semester_6\Get_It\Layout\Layout v3\getit2026_Deuser_Deetox_202606292 Ordner\Document fonts\arial.ttf
DataFormat:sfntData
hasSVG:no
hasCOLR:no
VariableFontType:NonVariableFont
FileLength:1045720
FileModTime:1781083245
WeightClass:400
WidthClass:5
AngleClass:0
NameArray:0,Mac,4,Arial
NameArray:0,Win,1,Arial
%EndFont

